<?xml version="1.0" encoding="UTF-8"?>
<coverage generated="1790256421860" clover="3.2.0">
  <project timestamp="1790256421860" name="All files">
    <metrics statements="296" coveredstatements="294" conditionals="121" coveredconditionals="115" methods="46" coveredmethods="46" elements="463" coveredelements="455" complexity="0" loc="296" ncloc="296" packages="2" files="6" classes="6"/>
    <package name="js">
      <metrics statements="59" coveredstatements="59" conditionals="20" coveredconditionals="15" methods="7" coveredmethods="7"/>
      <file name="main.js" path="C:\Users\Glenn\coding\radplot\assets\js\main.js">
        <metrics statements="59" coveredstatements="59" conditionals="20" coveredconditionals="15" methods="7" coveredmethods="7"/>
        <line num="6" count="5" type="stmt"/>
        <line num="7" count="5" type="stmt"/>
        <line num="8" count="5" type="stmt"/>
        <line num="9" count="5" type="stmt"/>
        <line num="10" count="5" type="stmt"/>
        <line num="11" count="5" type="stmt"/>
        <line num="12" count="5" type="stmt"/>
        <line num="13" count="5" type="stmt"/>
        <line num="15" count="2" type="cond" truecount="2" falsecount="0"/>
        <line num="16" count="1" type="stmt"/>
        <line num="18" count="1" type="stmt"/>
        <line num="19" count="1" type="stmt"/>
        <line num="25" count="3" type="stmt"/>
        <line num="26" count="3" type="stmt"/>
        <line num="27" count="3" type="stmt"/>
        <line num="31" count="3" type="cond" truecount="1" falsecount="1"/>
        <line num="33" count="3" type="stmt"/>
        <line num="34" count="3" type="stmt"/>
        <line num="35" count="1" type="stmt"/>
        <line num="36" count="1" type="stmt"/>
        <line num="42" count="3" type="cond" truecount="6" falsecount="1"/>
        <line num="43" count="3" type="stmt"/>
        <line num="44" count="3" type="stmt"/>
        <line num="45" count="4" type="stmt"/>
        <line num="46" count="4" type="stmt"/>
        <line num="47" count="4" type="stmt"/>
        <line num="48" count="4" type="stmt"/>
        <line num="49" count="4" type="stmt"/>
        <line num="50" count="4" type="stmt"/>
        <line num="51" count="4" type="stmt"/>
        <line num="52" count="4" type="stmt"/>
        <line num="53" count="4" type="stmt"/>
        <line num="54" count="4" type="stmt"/>
        <line num="55" count="4" type="stmt"/>
        <line num="61" count="6" type="stmt"/>
        <line num="62" count="6" type="stmt"/>
        <line num="63" count="6" type="stmt"/>
        <line num="64" count="6" type="cond" truecount="2" falsecount="0"/>
        <line num="65" count="1" type="stmt"/>
        <line num="66" count="1" type="cond" truecount="1" falsecount="1"/>
        <line num="67" count="1" type="stmt"/>
        <line num="69" count="1" type="cond" truecount="1" falsecount="1"/>
        <line num="70" count="1" type="stmt"/>
        <line num="73" count="5" type="stmt"/>
        <line num="74" count="5" type="stmt"/>
        <line num="75" count="5" type="stmt"/>
        <line num="80" count="2" type="stmt"/>
        <line num="81" count="2" type="cond" truecount="1" falsecount="1"/>
        <line num="82" count="2" type="stmt"/>
        <line num="84" count="2" type="stmt"/>
        <line num="88" count="1" type="stmt"/>
        <line num="89" count="1" type="stmt"/>
        <line num="90" count="1" type="stmt"/>
        <line num="91" count="1" type="stmt"/>
        <line num="92" count="1" type="stmt"/>
        <line num="94" count="1" type="stmt"/>
        <line num="95" count="1" type="stmt"/>
        <line num="96" count="1" type="stmt"/>
        <line num="100" count="1" type="stmt"/>
      </file>
    </package>
    <package name="js.mods">
      <metrics statements="237" coveredstatements="235" conditionals="101" coveredconditionals="100" methods="39" coveredmethods="39"/>
      <file name="configuration.js" path="C:\Users\Glenn\coding\radplot\assets\js\mods\configuration.js">
        <metrics statements="58" coveredstatements="56" conditionals="17" coveredconditionals="17" methods="7" coveredmethods="7"/>
        <line num="7" count="16" type="stmt"/>
        <line num="8" count="16" type="stmt"/>
        <line num="9" count="16" type="stmt"/>
        <line num="10" count="16" type="stmt"/>
        <line num="11" count="16" type="stmt"/>
        <line num="12" count="16" type="stmt"/>
        <line num="13" count="16" type="stmt"/>
        <line num="14" count="16" type="stmt"/>
        <line num="15" count="16" type="stmt"/>
        <line num="16" count="16" type="stmt"/>
        <line num="17" count="16" type="stmt"/>
        <line num="18" count="16" type="stmt"/>
        <line num="19" count="16" type="stmt"/>
        <line num="20" count="16" type="stmt"/>
        <line num="21" count="16" type="stmt"/>
        <line num="22" count="16" type="stmt"/>
        <line num="23" count="16" type="stmt"/>
        <line num="24" count="16" type="stmt"/>
        <line num="25" count="16" type="stmt"/>
        <line num="26" count="16" type="stmt"/>
        <line num="27" count="16" type="stmt"/>
        <line num="28" count="16" type="stmt"/>
        <line num="30" count="2" type="stmt"/>
        <line num="36" count="5" type="stmt"/>
        <line num="37" count="5" type="cond" truecount="2" falsecount="0"/>
        <line num="38" count="4" type="stmt"/>
        <line num="39" count="4" type="stmt"/>
        <line num="41" count="5" type="stmt"/>
        <line num="45" count="18" type="stmt"/>
        <line num="46" count="18" type="stmt"/>
        <line num="47" count="18" type="cond" truecount="2" falsecount="0"/>
        <line num="48" count="7" type="stmt"/>
        <line num="49" count="7" type="stmt"/>
        <line num="50" count="7" type="stmt"/>
        <line num="52" count="21" type="stmt"/>
        <line num="53" count="21" type="stmt"/>
        <line num="54" count="21" type="stmt"/>
        <line num="56" count="0" type="stmt"/>
        <line num="60" count="18" type="stmt"/>
        <line num="64" count="18" type="stmt"/>
        <line num="65" count="18" type="stmt"/>
        <line num="66" count="18" type="stmt"/>
        <line num="67" count="18" type="cond" truecount="4" falsecount="0"/>
        <line num="68" count="7" type="stmt"/>
        <line num="69" count="7" type="stmt"/>
        <line num="70" count="7" type="stmt"/>
        <line num="71" count="7" type="stmt"/>
        <line num="73" count="0" type="stmt"/>
        <line num="76" count="18" type="stmt"/>
        <line num="80" count="3" type="cond" truecount="1" falsecount="0"/>
        <line num="81" count="3" type="stmt"/>
        <line num="82" count="3" type="stmt"/>
        <line num="83" count="3" type="cond" truecount="7" falsecount="0"/>
        <line num="85" count="1" type="stmt"/>
        <line num="86" count="1" type="stmt"/>
        <line num="88" count="2" type="stmt"/>
        <line num="90" count="3" type="stmt"/>
        <line num="92" count="3" type="stmt"/>
      </file>
      <file name="evaluator.js" path="C:\Users\Glenn\coding\radplot\assets\js\mods\evaluator.js">
        <metrics statements="35" coveredstatements="35" conditionals="20" coveredconditionals="20" methods="10" coveredmethods="10"/>
        <line num="1" count="3" type="stmt"/>
        <line num="12" count="1" type="stmt"/>
        <line num="14" count="1" type="stmt"/>
        <line num="16" count="1" type="stmt"/>
        <line num="25" count="32" type="stmt"/>
        <line num="33" count="47" type="cond" truecount="6" falsecount="0"/>
        <line num="36" count="34" type="stmt"/>
        <line num="39" count="7" type="stmt"/>
        <line num="42" count="2" type="stmt"/>
        <line num="45" count="2" type="stmt"/>
        <line num="48" count="1" type="stmt"/>
        <line num="51" count="1" type="stmt"/>
        <line num="58" count="9" type="cond" truecount="2" falsecount="0"/>
        <line num="59" count="1" type="stmt"/>
        <line num="64" count="8" type="stmt"/>
        <line num="68" count="5" type="stmt"/>
        <line num="70" count="5" type="cond" truecount="3" falsecount="0"/>
        <line num="72" count="1" type="stmt"/>
        <line num="75" count="3" type="stmt"/>
        <line num="78" count="1" type="stmt"/>
        <line num="85" count="8" type="stmt"/>
        <line num="86" count="8" type="stmt"/>
        <line num="88" count="8" type="cond" truecount="6" falsecount="0"/>
        <line num="90" count="3" type="stmt"/>
        <line num="93" count="1" type="stmt"/>
        <line num="96" count="1" type="stmt"/>
        <line num="99" count="1" type="stmt"/>
        <line num="102" count="1" type="stmt"/>
        <line num="105" count="1" type="stmt"/>
        <line num="112" count="13" type="stmt"/>
        <line num="114" count="13" type="cond" truecount="2" falsecount="0"/>
        <line num="115" count="1" type="stmt"/>
        <line num="121" count="12" type="stmt"/>
        <line num="122" count="16" type="stmt"/>
        <line num="126" count="12" type="stmt"/>
      </file>
      <file name="lexer.js" path="C:\Users\Glenn\coding\radplot\assets\js\mods\lexer.js">
        <metrics statements="43" coveredstatements="43" conditionals="18" coveredconditionals="18" methods="4" coveredmethods="4"/>
        <line num="41" count="45" type="stmt"/>
        <line num="42" count="45" type="stmt"/>
        <line num="46" count="40" type="stmt"/>
        <line num="48" count="40" type="stmt"/>
        <line num="49" count="143" type="stmt"/>
        <line num="52" count="143" type="cond" truecount="2" falsecount="0"/>
        <line num="53" count="44" type="stmt"/>
        <line num="54" count="44" type="stmt"/>
        <line num="58" count="99" type="cond" truecount="2" falsecount="0"/>
        <line num="59" count="33" type="stmt"/>
        <line num="60" count="33" type="stmt"/>
        <line num="64" count="66" type="cond" truecount="2" falsecount="0"/>
        <line num="65" count="28" type="stmt"/>
        <line num="66" count="28" type="stmt"/>
        <line num="70" count="38" type="stmt"/>
        <line num="81" count="38" type="cond" truecount="2" falsecount="0"/>
        <line num="82" count="35" type="stmt"/>
        <line num="87" count="35" type="stmt"/>
        <line num="88" count="35" type="stmt"/>
        <line num="91" count="3" type="stmt"/>
        <line num="96" count="37" type="stmt"/>
        <line num="101" count="37" type="stmt"/>
        <line num="105" count="36" type="stmt"/>
        <line num="106" count="36" type="stmt"/>
        <line num="108" count="36" type="stmt"/>
        <line num="109" count="65" type="stmt"/>
        <line num="111" count="65" type="cond" truecount="2" falsecount="0"/>
        <line num="112" count="4" type="cond" truecount="2" falsecount="0"/>
        <line num="113" count="1" type="stmt"/>
        <line num="116" count="3" type="stmt"/>
        <line num="117" count="3" type="stmt"/>
        <line num="118" count="3" type="stmt"/>
        <line num="121" count="61" type="cond" truecount="2" falsecount="0"/>
        <line num="122" count="18" type="stmt"/>
        <line num="125" count="43" type="stmt"/>
        <line num="128" count="36" type="stmt"/>
        <line num="130" count="36" type="cond" truecount="2" falsecount="0"/>
        <line num="131" count="1" type="stmt"/>
        <line num="134" count="35" type="stmt"/>
        <line num="141" count="30" type="stmt"/>
        <line num="143" count="30" type="stmt"/>
        <line num="147" count="107" type="stmt"/>
        <line num="150" count="30" type="stmt"/>
      </file>
      <file name="parser.js" path="C:\Users\Glenn\coding\radplot\assets\js\mods\parser.js">
        <metrics statements="57" coveredstatements="57" conditionals="24" coveredconditionals="24" methods="11" coveredmethods="11"/>
        <line num="25" count="33" type="stmt"/>
        <line num="26" count="33" type="stmt"/>
        <line num="30" count="300" type="stmt"/>
        <line num="34" count="53" type="stmt"/>
        <line num="38" count="56" type="cond" truecount="2" falsecount="0"/>
        <line num="39" count="8" type="stmt"/>
        <line num="40" count="8" type="stmt"/>
        <line num="43" count="48" type="stmt"/>
        <line num="47" count="20" type="stmt"/>
        <line num="49" count="20" type="cond" truecount="2" falsecount="0"/>
        <line num="50" count="2" type="stmt"/>
        <line num="55" count="18" type="stmt"/>
        <line num="56" count="18" type="stmt"/>
        <line num="60" count="16" type="stmt"/>
        <line num="62" count="16" type="stmt"/>
        <line num="64" count="16" type="stmt"/>
        <line num="69" count="20" type="stmt"/>
        <line num="71" count="20" type="stmt"/>
        <line num="75" count="6" type="stmt"/>
        <line num="77" count="6" type="stmt"/>
        <line num="79" count="6" type="stmt"/>
        <line num="87" count="20" type="stmt"/>
        <line num="92" count="27" type="stmt"/>
        <line num="94" count="27" type="stmt"/>
        <line num="98" count="4" type="stmt"/>
        <line num="100" count="4" type="stmt"/>
        <line num="102" count="4" type="stmt"/>
        <line num="110" count="27" type="stmt"/>
        <line num="115" count="34" type="stmt"/>
        <line num="117" count="34" type="cond" truecount="2" falsecount="0"/>
        <line num="118" count="2" type="stmt"/>
        <line num="120" count="2" type="stmt"/>
        <line num="128" count="34" type="stmt"/>
        <line num="133" count="38" type="cond" truecount="2" falsecount="0"/>
        <line num="137" count="3" type="stmt"/>
        <line num="139" count="3" type="stmt"/>
        <line num="146" count="35" type="stmt"/>
        <line num="155" count="41" type="stmt"/>
        <line num="158" count="41" type="cond" truecount="2" falsecount="0"/>
        <line num="159" count="25" type="stmt"/>
        <line num="161" count="25" type="stmt"/>
        <line num="168" count="16" type="cond" truecount="2" falsecount="0"/>
        <line num="169" count="14" type="stmt"/>
        <line num="172" count="14" type="cond" truecount="2" falsecount="0"/>
        <line num="173" count="2" type="stmt"/>
        <line num="176" count="2" type="cond" truecount="2" falsecount="0"/>
        <line num="178" count="1" type="stmt"/>
        <line num="181" count="1" type="stmt"/>
        <line num="182" count="1" type="stmt"/>
        <line num="186" count="1" type="stmt"/>
        <line num="189" count="2" type="stmt"/>
        <line num="197" count="12" type="stmt"/>
        <line num="204" count="2" type="cond" truecount="2" falsecount="0"/>
        <line num="205" count="1" type="stmt"/>
        <line num="207" count="1" type="stmt"/>
        <line num="209" count="1" type="stmt"/>
        <line num="212" count="1" type="stmt"/>
      </file>
      <file name="polarplotter.js" path="C:\Users\Glenn\coding\radplot\assets\js\mods\polarplotter.js">
        <metrics statements="44" coveredstatements="44" conditionals="22" coveredconditionals="21" methods="7" coveredmethods="7"/>
        <line num="2" count="7" type="stmt"/>
        <line num="3" count="7" type="stmt"/>
        <line num="4" count="7" type="stmt"/>
        <line num="33" count="11" type="stmt"/>
        <line num="40" count="11" type="stmt"/>
        <line num="47" count="11" type="stmt"/>
        <line num="54" count="11" type="stmt"/>
        <line num="61" count="11" type="stmt"/>
        <line num="68" count="11" type="stmt"/>
        <line num="75" count="11" type="stmt"/>
        <line num="82" count="11" type="stmt"/>
        <line num="89" count="11" type="stmt"/>
        <line num="96" count="11" type="stmt"/>
        <line num="103" count="11" type="stmt"/>
        <line num="110" count="11" type="stmt"/>
        <line num="117" count="11" type="stmt"/>
        <line num="140" count="11" type="stmt"/>
        <line num="148" count="8" type="stmt"/>
        <line num="168" count="5" type="stmt"/>
        <line num="174" count="5" type="stmt"/>
        <line num="175" count="5" type="stmt"/>
        <line num="181" count="5" type="cond" truecount="2" falsecount="0"/>
        <line num="183" count="10" type="stmt"/>
        <line num="185" count="5" type="stmt"/>
        <line num="191" count="5" type="stmt"/>
        <line num="193" count="5" type="stmt"/>
        <line num="197" count="3" type="stmt"/>
        <line num="198" count="3" type="stmt"/>
        <line num="199" count="3" type="stmt"/>
        <line num="237" count="4" type="cond" truecount="1" falsecount="1"/>
        <line num="238" count="3" type="stmt"/>
        <line num="239" count="3" type="stmt"/>
        <line num="240" count="3" type="stmt"/>
        <line num="241" count="3" type="stmt"/>
        <line num="242" count="4" type="stmt"/>
        <line num="243" count="4" type="stmt"/>
        <line num="244" count="4" type="cond" truecount="2" falsecount="0"/>
        <line num="245" count="4" type="cond" truecount="2" falsecount="0"/>
        <line num="246" count="2" type="stmt"/>
        <line num="247" count="2" type="stmt"/>
        <line num="248" count="2" type="stmt"/>
        <line num="250" count="4" type="cond" truecount="2" falsecount="0"/>
        <line num="251" count="2" type="stmt"/>
        <line num="255" count="3" type="stmt"/>
      </file>
    </package>
  </project>
</coverage>
