{"C:\\Users\\Glenn\\coding\\radplot\\assets\\js\\main.js": {"path":"C:\\Users\\Glenn\\coding\\radplot\\assets\\js\\main.js","statementMap":{"0":{"start":{"line":6,"column":4},"end":{"line":6,"column":27}},"1":{"start":{"line":7,"column":21},"end":{"line":7,"column":47}},"2":{"start":{"line":8,"column":4},"end":{"line":21,"column":5}},"3":{"start":{"line":9,"column":23},"end":{"line":9,"column":50}},"4":{"start":{"line":10,"column":25},"end":{"line":10,"column":57}},"5":{"start":{"line":11,"column":8},"end":{"line":11,"column":47}},"6":{"start":{"line":12,"column":8},"end":{"line":12,"column":37}},"7":{"start":{"line":13,"column":8},"end":{"line":13,"column":36}},"8":{"start":{"line":15,"column":8},"end":{"line":20,"column":9}},"9":{"start":{"line":16,"column":12},"end":{"line":16,"column":38}},"10":{"start":{"line":18,"column":12},"end":{"line":18,"column":57}},"11":{"start":{"line":19,"column":12},"end":{"line":19,"column":37}},"12":{"start":{"line":25,"column":18},"end":{"line":25,"column":61}},"13":{"start":{"line":26,"column":4},"end":{"line":26,"column":27}},"14":{"start":{"line":27,"column":4},"end":{"line":27,"column":37}},"15":{"start":{"line":31,"column":4},"end":{"line":38,"column":5}},"16":{"start":{"line":33,"column":23},"end":{"line":33,"column":51}},"17":{"start":{"line":34,"column":8},"end":{"line":37,"column":9}},"18":{"start":{"line":35,"column":12},"end":{"line":35,"column":42}},"19":{"start":{"line":36,"column":12},"end":{"line":36,"column":52}},"20":{"start":{"line":42,"column":4},"end":{"line":57,"column":5}},"21":{"start":{"line":43,"column":20},"end":{"line":43,"column":43}},"22":{"start":{"line":44,"column":8},"end":{"line":56,"column":9}},"23":{"start":{"line":44,"column":25},"end":{"line":44,"column":26}},"24":{"start":{"line":45,"column":24},"end":{"line":45,"column":52}},"25":{"start":{"line":46,"column":29},"end":{"line":46,"column":57}},"26":{"start":{"line":47,"column":29},"end":{"line":47,"column":57}},"27":{"start":{"line":48,"column":29},"end":{"line":48,"column":57}},"28":{"start":{"line":49,"column":12},"end":{"line":49,"column":75}},"29":{"start":{"line":50,"column":12},"end":{"line":50,"column":74}},"30":{"start":{"line":51,"column":12},"end":{"line":51,"column":59}},"31":{"start":{"line":52,"column":12},"end":{"line":52,"column":38}},"32":{"start":{"line":53,"column":12},"end":{"line":53,"column":38}},"33":{"start":{"line":54,"column":12},"end":{"line":54,"column":38}},"34":{"start":{"line":55,"column":12},"end":{"line":55,"column":46}},"35":{"start":{"line":61,"column":20},"end":{"line":61,"column":74}},"36":{"start":{"line":62,"column":21},"end":{"line":62,"column":68}},"37":{"start":{"line":63,"column":23},"end":{"line":63,"column":69}},"38":{"start":{"line":64,"column":4},"end":{"line":76,"column":5}},"39":{"start":{"line":65,"column":8},"end":{"line":65,"column":42}},"40":{"start":{"line":66,"column":8},"end":{"line":68,"column":9}},"41":{"start":{"line":67,"column":12},"end":{"line":67,"column":49}},"42":{"start":{"line":69,"column":8},"end":{"line":71,"column":9}},"43":{"start":{"line":70,"column":12},"end":{"line":70,"column":45}},"44":{"start":{"line":73,"column":8},"end":{"line":73,"column":30}},"45":{"start":{"line":74,"column":8},"end":{"line":74,"column":47}},"46":{"start":{"line":75,"column":8},"end":{"line":75,"column":47}},"47":{"start":{"line":80,"column":26},"end":{"line":80,"column":65}},"48":{"start":{"line":81,"column":4},"end":{"line":83,"column":5}},"49":{"start":{"line":82,"column":8},"end":{"line":82,"column":37}},"50":{"start":{"line":84,"column":4},"end":{"line":84,"column":33}},"51":{"start":{"line":88,"column":17},"end":{"line":88,"column":62}},"52":{"start":{"line":89,"column":4},"end":{"line":89,"column":57}},"53":{"start":{"line":90,"column":37},"end":{"line":90,"column":92}},"54":{"start":{"line":91,"column":4},"end":{"line":93,"column":5}},"55":{"start":{"line":92,"column":8},"end":{"line":92,"column":59}},"56":{"start":{"line":94,"column":36},"end":{"line":94,"column":90}},"57":{"start":{"line":95,"column":4},"end":{"line":97,"column":5}},"58":{"start":{"line":96,"column":8},"end":{"line":96,"column":65}},"59":{"start":{"line":100,"column":0},"end":{"line":100,"column":67}}},"fnMap":{"0":{"name":"generatePlot","decl":{"start":{"line":5,"column":16},"end":{"line":5,"column":28}},"loc":{"start":{"line":5,"column":36},"end":{"line":22,"column":1}},"line":5},"1":{"name":"updateRvalueTable","decl":{"start":{"line":24,"column":9},"end":{"line":24,"column":26}},"loc":{"start":{"line":24,"column":37},"end":{"line":28,"column":1}},"line":24},"2":{"name":"deleteTableRows","decl":{"start":{"line":30,"column":9},"end":{"line":30,"column":24}},"loc":{"start":{"line":30,"column":32},"end":{"line":39,"column":1}},"line":30},"3":{"name":"appendTableRows","decl":{"start":{"line":41,"column":9},"end":{"line":41,"column":24}},"loc":{"start":{"line":41,"column":42},"end":{"line":58,"column":1}},"line":41},"4":{"name":"displaySyntaxError","decl":{"start":{"line":60,"column":9},"end":{"line":60,"column":27}},"loc":{"start":{"line":60,"column":48},"end":{"line":77,"column":1}},"line":60},"5":{"name":"resetPlotAndInputs","decl":{"start":{"line":79,"column":16},"end":{"line":79,"column":34}},"loc":{"start":{"line":79,"column":37},"end":{"line":85,"column":1}},"line":79},"6":{"name":"initializeUI","decl":{"start":{"line":87,"column":16},"end":{"line":87,"column":28}},"loc":{"start":{"line":87,"column":31},"end":{"line":98,"column":1}},"line":87}},"branchMap":{"0":{"loc":{"start":{"line":15,"column":8},"end":{"line":20,"column":9}},"type":"if","locations":[{"start":{"line":15,"column":8},"end":{"line":20,"column":9}},{"start":{"line":17,"column":15},"end":{"line":20,"column":9}}],"line":15},"1":{"loc":{"start":{"line":31,"column":4},"end":{"line":38,"column":5}},"type":"if","locations":[{"start":{"line":31,"column":4},"end":{"line":38,"column":5}},{"start":{},"end":{}}],"line":31},"2":{"loc":{"start":{"line":42,"column":4},"end":{"line":57,"column":5}},"type":"if","locations":[{"start":{"line":42,"column":4},"end":{"line":57,"column":5}},{"start":{},"end":{}}],"line":42},"3":{"loc":{"start":{"line":42,"column":8},"end":{"line":42,"column":94}},"type":"binary-expr","locations":[{"start":{"line":42,"column":8},"end":{"line":42,"column":13}},{"start":{"line":42,"column":17},"end":{"line":42,"column":25}},{"start":{"line":42,"column":29},"end":{"line":42,"column":45}},{"start":{"line":42,"column":49},"end":{"line":42,"column":70}},{"start":{"line":42,"column":74},"end":{"line":42,"column":94}}],"line":42},"4":{"loc":{"start":{"line":60,"column":35},"end":{"line":60,"column":46}},"type":"default-arg","locations":[{"start":{"line":60,"column":41},"end":{"line":60,"column":46}}],"line":60},"5":{"loc":{"start":{"line":64,"column":4},"end":{"line":76,"column":5}},"type":"if","locations":[{"start":{"line":64,"column":4},"end":{"line":76,"column":5}},{"start":{"line":72,"column":11},"end":{"line":76,"column":5}}],"line":64},"6":{"loc":{"start":{"line":66,"column":8},"end":{"line":68,"column":9}},"type":"if","locations":[{"start":{"line":66,"column":8},"end":{"line":68,"column":9}},{"start":{},"end":{}}],"line":66},"7":{"loc":{"start":{"line":69,"column":8},"end":{"line":71,"column":9}},"type":"if","locations":[{"start":{"line":69,"column":8},"end":{"line":71,"column":9}},{"start":{},"end":{}}],"line":69},"8":{"loc":{"start":{"line":81,"column":4},"end":{"line":83,"column":5}},"type":"if","locations":[{"start":{"line":81,"column":4},"end":{"line":83,"column":5}},{"start":{},"end":{}}],"line":81}},"s":{"0":5,"1":5,"2":5,"3":5,"4":5,"5":5,"6":5,"7":5,"8":2,"9":1,"10":1,"11":1,"12":3,"13":3,"14":3,"15":3,"16":3,"17":3,"18":1,"19":1,"20":3,"21":3,"22":3,"23":3,"24":4,"25":4,"26":4,"27":4,"28":4,"29":4,"30":4,"31":4,"32":4,"33":4,"34":4,"35":6,"36":6,"37":6,"38":6,"39":1,"40":1,"41":1,"42":1,"43":1,"44":5,"45":5,"46":5,"47":2,"48":2,"49":2,"50":2,"51":1,"52":1,"53":1,"54":1,"55":1,"56":1,"57":1,"58":1,"59":1},"f":{"0":5,"1":3,"2":3,"3":3,"4":6,"5":2,"6":1},"b":{"0":[1,1],"1":[3,0],"2":[3,0],"3":[3,3,3,3,3],"4":[6],"5":[1,5],"6":[1,0],"7":[1,0],"8":[2,0]},"meta":{"lastBranch":9,"lastFunction":7,"lastStatement":60,"seen":{"f:5:16:5:28":0,"s:6:4:6:27":0,"s:7:21:7:47":1,"s:8:4:21:5":2,"s:9:23:9:50":3,"s:10:25:10:57":4,"s:11:8:11:47":5,"s:12:8:12:37":6,"s:13:8:13:36":7,"b:15:8:20:9:17:15:20:9":0,"s:15:8:20:9":8,"s:16:12:16:38":9,"s:18:12:18:57":10,"s:19:12:19:37":11,"f:24:9:24:26":1,"s:25:18:25:61":12,"s:26:4:26:27":13,"s:27:4:27:37":14,"f:30:9:30:24":2,"b:31:4:38:5:undefined:undefined:undefined:undefined":1,"s:31:4:38:5":15,"s:33:23:33:51":16,"s:34:8:37:9":17,"s:35:12:35:42":18,"s:36:12:36:52":19,"f:41:9:41:24":3,"b:42:4:57:5:undefined:undefined:undefined:undefined":2,"s:42:4:57:5":20,"b:42:8:42:13:42:17:42:25:42:29:42:45:42:49:42:70:42:74:42:94":3,"s:43:20:43:43":21,"s:44:8:56:9":22,"s:44:25:44:26":23,"s:45:24:45:52":24,"s:46:29:46:57":25,"s:47:29:47:57":26,"s:48:29:48:57":27,"s:49:12:49:75":28,"s:50:12:50:74":29,"s:51:12:51:59":30,"s:52:12:52:38":31,"s:53:12:53:38":32,"s:54:12:54:38":33,"s:55:12:55:46":34,"f:60:9:60:27":4,"b:60:41:60:46":4,"s:61:20:61:74":35,"s:62:21:62:68":36,"s:63:23:63:69":37,"b:64:4:76:5:72:11:76:5":5,"s:64:4:76:5":38,"s:65:8:65:42":39,"b:66:8:68:9:undefined:undefined:undefined:undefined":6,"s:66:8:68:9":40,"s:67:12:67:49":41,"b:69:8:71:9:undefined:undefined:undefined:undefined":7,"s:69:8:71:9":42,"s:70:12:70:45":43,"s:73:8:73:30":44,"s:74:8:74:47":45,"s:75:8:75:47":46,"f:79:16:79:34":5,"s:80:26:80:65":47,"b:81:4:83:5:undefined:undefined:undefined:undefined":8,"s:81:4:83:5":48,"s:82:8:82:37":49,"s:84:4:84:33":50,"f:87:16:87:28":6,"s:88:17:88:62":51,"s:89:4:89:57":52,"s:90:37:90:92":53,"s:91:4:93:5":54,"s:92:8:92:59":55,"s:94:36:94:90":56,"s:95:4:97:5":57,"s:96:8:96:65":58,"s:100:0:100:67":59},"fnNames":{}}}
,"C:\\Users\\Glenn\\coding\\radplot\\assets\\js\\mods\\configuration.js": {"path":"C:\\Users\\Glenn\\coding\\radplot\\assets\\js\\mods\\configuration.js","statementMap":{"0":{"start":{"line":7,"column":8},"end":{"line":7,"column":36}},"1":{"start":{"line":8,"column":8},"end":{"line":8,"column":28}},"2":{"start":{"line":9,"column":8},"end":{"line":9,"column":69}},"3":{"start":{"line":10,"column":8},"end":{"line":10,"column":57}},"4":{"start":{"line":11,"column":8},"end":{"line":11,"column":55}},"5":{"start":{"line":12,"column":8},"end":{"line":12,"column":61}},"6":{"start":{"line":13,"column":8},"end":{"line":13,"column":59}},"7":{"start":{"line":14,"column":8},"end":{"line":14,"column":55}},"8":{"start":{"line":15,"column":8},"end":{"line":15,"column":65}},"9":{"start":{"line":16,"column":8},"end":{"line":16,"column":51}},"10":{"start":{"line":17,"column":8},"end":{"line":17,"column":45}},"11":{"start":{"line":18,"column":8},"end":{"line":18,"column":24}},"12":{"start":{"line":19,"column":8},"end":{"line":31,"column":9}},"13":{"start":{"line":20,"column":31},"end":{"line":20,"column":59}},"14":{"start":{"line":21,"column":26},"end":{"line":21,"column":47}},"15":{"start":{"line":22,"column":27},"end":{"line":22,"column":43}},"16":{"start":{"line":23,"column":27},"end":{"line":23,"column":45}},"17":{"start":{"line":24,"column":24},"end":{"line":24,"column":38}},"18":{"start":{"line":25,"column":12},"end":{"line":25,"column":27}},"19":{"start":{"line":26,"column":28},"end":{"line":26,"column":97}},"20":{"start":{"line":26,"column":46},"end":{"line":26,"column":84}},"21":{"start":{"line":27,"column":12},"end":{"line":27,"column":35}},"22":{"start":{"line":28,"column":12},"end":{"line":28,"column":49}},"23":{"start":{"line":30,"column":12},"end":{"line":30,"column":49}},"24":{"start":{"line":36,"column":20},"end":{"line":36,"column":28}},"25":{"start":{"line":37,"column":8},"end":{"line":40,"column":9}},"26":{"start":{"line":38,"column":30},"end":{"line":38,"column":54}},"27":{"start":{"line":39,"column":12},"end":{"line":39,"column":45}},"28":{"start":{"line":41,"column":8},"end":{"line":41,"column":22}},"29":{"start":{"line":45,"column":21},"end":{"line":45,"column":25}},"30":{"start":{"line":46,"column":29},"end":{"line":46,"column":56}},"31":{"start":{"line":47,"column":8},"end":{"line":59,"column":9}},"32":{"start":{"line":48,"column":12},"end":{"line":48,"column":24}},"33":{"start":{"line":49,"column":33},"end":{"line":49,"column":56}},"34":{"start":{"line":50,"column":12},"end":{"line":58,"column":13}},"35":{"start":{"line":52,"column":16},"end":{"line":57,"column":17}},"36":{"start":{"line":53,"column":20},"end":{"line":53,"column":43}},"37":{"start":{"line":54,"column":20},"end":{"line":54,"column":37}},"38":{"start":{"line":56,"column":20},"end":{"line":56,"column":39}},"39":{"start":{"line":60,"column":8},"end":{"line":60,"column":22}},"40":{"start":{"line":64,"column":20},"end":{"line":64,"column":24}},"41":{"start":{"line":65,"column":33},"end":{"line":65,"column":69}},"42":{"start":{"line":66,"column":31},"end":{"line":66,"column":65}},"43":{"start":{"line":67,"column":8},"end":{"line":75,"column":9}},"44":{"start":{"line":68,"column":12},"end":{"line":74,"column":13}},"45":{"start":{"line":69,"column":35},"end":{"line":69,"column":61}},"46":{"start":{"line":70,"column":33},"end":{"line":70,"column":57}},"47":{"start":{"line":71,"column":16},"end":{"line":71,"column":47}},"48":{"start":{"line":73,"column":16},"end":{"line":73,"column":35}},"49":{"start":{"line":76,"column":8},"end":{"line":76,"column":21}},"50":{"start":{"line":80,"column":31},"end":{"line":91,"column":9}},"51":{"start":{"line":81,"column":34},"end":{"line":81,"column":36}},"52":{"start":{"line":82,"column":25},"end":{"line":82,"column":44}},"53":{"start":{"line":83,"column":12},"end":{"line":89,"column":13}},"54":{"start":{"line":85,"column":16},"end":{"line":85,"column":54}},"55":{"start":{"line":86,"column":16},"end":{"line":86,"column":61}},"56":{"start":{"line":88,"column":16},"end":{"line":88,"column":40}},"57":{"start":{"line":90,"column":12},"end":{"line":90,"column":33}},"58":{"start":{"line":92,"column":8},"end":{"line":92,"column":30}}},"fnMap":{"0":{"name":"constructor","decl":{"start":{"line":6,"column":4},"end":{"line":6,"column":15}},"loc":{"start":{"line":6,"column":26},"end":{"line":32,"column":5}},"line":6},"1":{"name":"(anonymous_1)","decl":{"start":{"line":26,"column":28},"end":{"line":26,"column":36}},"loc":{"start":{"line":26,"column":44},"end":{"line":26,"column":86}},"line":26},"2":{"name":"calculate","decl":{"start":{"line":34,"column":4},"end":{"line":34,"column":13}},"loc":{"start":{"line":34,"column":30},"end":{"line":42,"column":5}},"line":34},"3":{"name":"getThetasToUse","decl":{"start":{"line":44,"column":4},"end":{"line":44,"column":18}},"loc":{"start":{"line":44,"column":29},"end":{"line":61,"column":5}},"line":44},"4":{"name":"getRadialAxisRange","decl":{"start":{"line":63,"column":4},"end":{"line":63,"column":22}},"loc":{"start":{"line":63,"column":33},"end":{"line":77,"column":5}},"line":63},"5":{"name":"getRvalueFn","decl":{"start":{"line":79,"column":4},"end":{"line":79,"column":15}},"loc":{"start":{"line":79,"column":18},"end":{"line":93,"column":5}},"line":79},"6":{"name":"(anonymous_6)","decl":{"start":{"line":80,"column":31},"end":{"line":80,"column":32}},"loc":{"start":{"line":80,"column":56},"end":{"line":91,"column":9}},"line":80}},"branchMap":{"0":{"loc":{"start":{"line":34,"column":14},"end":{"line":34,"column":28}},"type":"default-arg","locations":[{"start":{"line":34,"column":26},"end":{"line":34,"column":28}}],"line":34},"1":{"loc":{"start":{"line":37,"column":8},"end":{"line":40,"column":9}},"type":"if","locations":[{"start":{"line":37,"column":8},"end":{"line":40,"column":9}},{"start":{},"end":{}}],"line":37},"2":{"loc":{"start":{"line":47,"column":8},"end":{"line":59,"column":9}},"type":"if","locations":[{"start":{"line":47,"column":8},"end":{"line":59,"column":9}},{"start":{},"end":{}}],"line":47},"3":{"loc":{"start":{"line":67,"column":8},"end":{"line":75,"column":9}},"type":"if","locations":[{"start":{"line":67,"column":8},"end":{"line":75,"column":9}},{"start":{},"end":{}}],"line":67},"4":{"loc":{"start":{"line":67,"column":12},"end":{"line":67,"column":46}},"type":"binary-expr","locations":[{"start":{"line":67,"column":12},"end":{"line":67,"column":28}},{"start":{"line":67,"column":32},"end":{"line":67,"column":46}}],"line":67},"5":{"loc":{"start":{"line":80,"column":39},"end":{"line":80,"column":50}},"type":"default-arg","locations":[{"start":{"line":80,"column":48},"end":{"line":80,"column":50}}],"line":80},"6":{"loc":{"start":{"line":83,"column":12},"end":{"line":89,"column":13}},"type":"if","locations":[{"start":{"line":83,"column":12},"end":{"line":89,"column":13}},{"start":{"line":87,"column":19},"end":{"line":89,"column":13}}],"line":83},"7":{"loc":{"start":{"line":83,"column":16},"end":{"line":83,"column":149}},"type":"binary-expr","locations":[{"start":{"line":83,"column":16},"end":{"line":83,"column":29}},{"start":{"line":83,"column":33},"end":{"line":83,"column":44}},{"start":{"line":83,"column":49},"end":{"line":83,"column":78}},{"start":{"line":83,"column":83},"end":{"line":83,"column":110}},{"start":{"line":83,"column":114},"end":{"line":83,"column":147}}],"line":83}},"s":{"0":16,"1":16,"2":16,"3":16,"4":16,"5":16,"6":16,"7":16,"8":16,"9":16,"10":16,"11":16,"12":16,"13":16,"14":16,"15":16,"16":16,"17":16,"18":16,"19":16,"20":3,"21":16,"22":16,"23":2,"24":5,"25":5,"26":4,"27":4,"28":5,"29":18,"30":18,"31":18,"32":7,"33":7,"34":7,"35":21,"36":21,"37":21,"38":0,"39":18,"40":18,"41":18,"42":18,"43":18,"44":7,"45":7,"46":7,"47":7,"48":0,"49":18,"50":3,"51":3,"52":3,"53":3,"54":1,"55":1,"56":2,"57":3,"58":3},"f":{"0":16,"1":3,"2":5,"3":18,"4":18,"5":3,"6":3},"b":{"0":[5],"1":[4,1],"2":[7,11],"3":[7,11],"4":[18,8],"5":[3],"6":[1,2],"7":[3,3,2,1,1]},"meta":{"lastBranch":8,"lastFunction":7,"lastStatement":59,"seen":{"f:6:4:6:15":0,"s:7:8:7:36":0,"s:8:8:8:28":1,"s:9:8:9:69":2,"s:10:8:10:57":3,"s:11:8:11:55":4,"s:12:8:12:61":5,"s:13:8:13:59":6,"s:14:8:14:55":7,"s:15:8:15:65":8,"s:16:8:16:51":9,"s:17:8:17:45":10,"s:18:8:18:24":11,"s:19:8:31:9":12,"s:20:31:20:59":13,"s:21:26:21:47":14,"s:22:27:22:43":15,"s:23:27:23:45":16,"s:24:24:24:38":17,"s:25:12:25:27":18,"s:26:28:26:97":19,"f:26:28:26:36":1,"s:26:46:26:84":20,"s:27:12:27:35":21,"s:28:12:28:49":22,"s:30:12:30:49":23,"f:34:4:34:13":2,"b:34:26:34:28":0,"s:36:20:36:28":24,"b:37:8:40:9:undefined:undefined:undefined:undefined":1,"s:37:8:40:9":25,"s:38:30:38:54":26,"s:39:12:39:45":27,"s:41:8:41:22":28,"f:44:4:44:18":3,"s:45:21:45:25":29,"s:46:29:46:56":30,"b:47:8:59:9:undefined:undefined:undefined:undefined":2,"s:47:8:59:9":31,"s:48:12:48:24":32,"s:49:33:49:56":33,"s:50:12:58:13":34,"s:52:16:57:17":35,"s:53:20:53:43":36,"s:54:20:54:37":37,"s:56:20:56:39":38,"s:60:8:60:22":39,"f:63:4:63:22":4,"s:64:20:64:24":40,"s:65:33:65:69":41,"s:66:31:66:65":42,"b:67:8:75:9:undefined:undefined:undefined:undefined":3,"s:67:8:75:9":43,"b:67:12:67:28:67:32:67:46":4,"s:68:12:74:13":44,"s:69:35:69:61":45,"s:70:33:70:57":46,"s:71:16:71:47":47,"s:73:16:73:35":48,"s:76:8:76:21":49,"f:79:4:79:15":5,"s:80:31:91:9":50,"f:80:31:80:32":6,"b:80:48:80:50":5,"s:81:34:81:36":51,"s:82:25:82:44":52,"b:83:12:89:13:87:19:89:13":6,"s:83:12:89:13":53,"b:83:16:83:29:83:33:83:44:83:49:83:78:83:83:83:110:83:114:83:147":7,"s:85:16:85:54":54,"s:86:16:86:61":55,"s:88:16:88:40":56,"s:90:12:90:33":57,"s:92:8:92:30":58},"fnNames":{}}}
,"C:\\Users\\Glenn\\coding\\radplot\\assets\\js\\mods\\evaluator.js": {"path":"C:\\Users\\Glenn\\coding\\radplot\\assets\\js\\mods\\evaluator.js","statementMap":{"0":{"start":{"line":1,"column":18},"end":{"line":21,"column":1}},"1":{"start":{"line":12,"column":14},"end":{"line":12,"column":25}},"2":{"start":{"line":14,"column":14},"end":{"line":14,"column":25}},"3":{"start":{"line":16,"column":14},"end":{"line":16,"column":25}},"4":{"start":{"line":25,"column":8},"end":{"line":29,"column":10}},"5":{"start":{"line":33,"column":8},"end":{"line":54,"column":9}},"6":{"start":{"line":36,"column":16},"end":{"line":36,"column":34}},"7":{"start":{"line":39,"column":16},"end":{"line":39,"column":53}},"8":{"start":{"line":42,"column":16},"end":{"line":42,"column":48}},"9":{"start":{"line":45,"column":16},"end":{"line":45,"column":49}},"10":{"start":{"line":48,"column":16},"end":{"line":48,"column":47}},"11":{"start":{"line":51,"column":16},"end":{"line":53,"column":18}},"12":{"start":{"line":58,"column":8},"end":{"line":62,"column":9}},"13":{"start":{"line":59,"column":12},"end":{"line":61,"column":14}},"14":{"start":{"line":64,"column":8},"end":{"line":64,"column":41}},"15":{"start":{"line":68,"column":22},"end":{"line":68,"column":50}},"16":{"start":{"line":70,"column":8},"end":{"line":81,"column":9}},"17":{"start":{"line":72,"column":16},"end":{"line":72,"column":29}},"18":{"start":{"line":75,"column":16},"end":{"line":75,"column":30}},"19":{"start":{"line":78,"column":16},"end":{"line":80,"column":18}},"20":{"start":{"line":85,"column":21},"end":{"line":85,"column":45}},"21":{"start":{"line":86,"column":22},"end":{"line":86,"column":47}},"22":{"start":{"line":88,"column":8},"end":{"line":108,"column":9}},"23":{"start":{"line":90,"column":16},"end":{"line":90,"column":36}},"24":{"start":{"line":93,"column":16},"end":{"line":93,"column":36}},"25":{"start":{"line":96,"column":16},"end":{"line":96,"column":36}},"26":{"start":{"line":99,"column":16},"end":{"line":99,"column":36}},"27":{"start":{"line":102,"column":16},"end":{"line":102,"column":45}},"28":{"start":{"line":105,"column":16},"end":{"line":107,"column":18}},"29":{"start":{"line":112,"column":29},"end":{"line":112,"column":38}},"30":{"start":{"line":114,"column":8},"end":{"line":118,"column":9}},"31":{"start":{"line":115,"column":12},"end":{"line":117,"column":14}},"32":{"start":{"line":121,"column":21},"end":{"line":123,"column":9}},"33":{"start":{"line":122,"column":24},"end":{"line":122,"column":47}},"34":{"start":{"line":126,"column":8},"end":{"line":126,"column":48}}},"fnMap":{"0":{"name":"(anonymous_0)","decl":{"start":{"line":12,"column":9},"end":{"line":12,"column":10}},"loc":{"start":{"line":12,"column":14},"end":{"line":12,"column":25}},"line":12},"1":{"name":"(anonymous_1)","decl":{"start":{"line":14,"column":9},"end":{"line":14,"column":10}},"loc":{"start":{"line":14,"column":14},"end":{"line":14,"column":25}},"line":14},"2":{"name":"(anonymous_2)","decl":{"start":{"line":16,"column":9},"end":{"line":16,"column":10}},"loc":{"start":{"line":16,"column":14},"end":{"line":16,"column":25}},"line":16},"3":{"name":"constructor","decl":{"start":{"line":24,"column":4},"end":{"line":24,"column":15}},"loc":{"start":{"line":24,"column":32},"end":{"line":30,"column":5}},"line":24},"4":{"name":"evaluate","decl":{"start":{"line":32,"column":4},"end":{"line":32,"column":12}},"loc":{"start":{"line":32,"column":19},"end":{"line":55,"column":5}},"line":32},"5":{"name":"evaluateIdentifier","decl":{"start":{"line":57,"column":4},"end":{"line":57,"column":22}},"loc":{"start":{"line":57,"column":29},"end":{"line":65,"column":5}},"line":57},"6":{"name":"evaluateUnary","decl":{"start":{"line":67,"column":4},"end":{"line":67,"column":17}},"loc":{"start":{"line":67,"column":24},"end":{"line":82,"column":5}},"line":67},"7":{"name":"evaluateBinary","decl":{"start":{"line":84,"column":4},"end":{"line":84,"column":18}},"loc":{"start":{"line":84,"column":25},"end":{"line":109,"column":5}},"line":84},"8":{"name":"evaluateCall","decl":{"start":{"line":111,"column":4},"end":{"line":111,"column":16}},"loc":{"start":{"line":111,"column":23},"end":{"line":127,"column":5}},"line":111},"9":{"name":"(anonymous_9)","decl":{"start":{"line":122,"column":12},"end":{"line":122,"column":20}},"loc":{"start":{"line":122,"column":24},"end":{"line":122,"column":47}},"line":122}},"branchMap":{"0":{"loc":{"start":{"line":24,"column":16},"end":{"line":24,"column":30}},"type":"default-arg","locations":[{"start":{"line":24,"column":28},"end":{"line":24,"column":30}}],"line":24},"1":{"loc":{"start":{"line":33,"column":8},"end":{"line":54,"column":9}},"type":"switch","locations":[{"start":{"line":35,"column":12},"end":{"line":36,"column":34}},{"start":{"line":38,"column":12},"end":{"line":39,"column":53}},{"start":{"line":41,"column":12},"end":{"line":42,"column":48}},{"start":{"line":44,"column":12},"end":{"line":45,"column":49}},{"start":{"line":47,"column":12},"end":{"line":48,"column":47}},{"start":{"line":50,"column":12},"end":{"line":53,"column":18}}],"line":33},"2":{"loc":{"start":{"line":58,"column":8},"end":{"line":62,"column":9}},"type":"if","locations":[{"start":{"line":58,"column":8},"end":{"line":62,"column":9}},{"start":{},"end":{}}],"line":58},"3":{"loc":{"start":{"line":70,"column":8},"end":{"line":81,"column":9}},"type":"switch","locations":[{"start":{"line":71,"column":12},"end":{"line":72,"column":29}},{"start":{"line":74,"column":12},"end":{"line":75,"column":30}},{"start":{"line":77,"column":12},"end":{"line":80,"column":18}}],"line":70},"4":{"loc":{"start":{"line":88,"column":8},"end":{"line":108,"column":9}},"type":"switch","locations":[{"start":{"line":89,"column":12},"end":{"line":90,"column":36}},{"start":{"line":92,"column":12},"end":{"line":93,"column":36}},{"start":{"line":95,"column":12},"end":{"line":96,"column":36}},{"start":{"line":98,"column":12},"end":{"line":99,"column":36}},{"start":{"line":101,"column":12},"end":{"line":102,"column":45}},{"start":{"line":104,"column":12},"end":{"line":107,"column":18}}],"line":88},"5":{"loc":{"start":{"line":114,"column":8},"end":{"line":118,"column":9}},"type":"if","locations":[{"start":{"line":114,"column":8},"end":{"line":118,"column":9}},{"start":{},"end":{}}],"line":114}},"s":{"0":3,"1":1,"2":1,"3":1,"4":32,"5":47,"6":34,"7":7,"8":2,"9":2,"10":1,"11":1,"12":9,"13":1,"14":8,"15":5,"16":5,"17":1,"18":3,"19":1,"20":8,"21":8,"22":8,"23":3,"24":1,"25":1,"26":1,"27":1,"28":1,"29":13,"30":13,"31":1,"32":12,"33":16,"34":12},"f":{"0":1,"1":1,"2":1,"3":32,"4":47,"5":9,"6":5,"7":8,"8":13,"9":16},"b":{"0":[32],"1":[34,7,2,2,1,1],"2":[1,8],"3":[1,3,1],"4":[3,1,1,1,1,1],"5":[1,12]},"meta":{"lastBranch":6,"lastFunction":10,"lastStatement":35,"seen":{"s:1:18:21:1":0,"f:12:9:12:10":0,"s:12:14:12:25":1,"f:14:9:14:10":1,"s:14:14:14:25":2,"f:16:9:16:10":2,"s:16:14:16:25":3,"f:24:4:24:15":3,"b:24:28:24:30":0,"s:25:8:29:10":4,"f:32:4:32:12":4,"b:35:12:36:34:38:12:39:53:41:12:42:48:44:12:45:49:47:12:48:47:50:12:53:18":1,"s:33:8:54:9":5,"s:36:16:36:34":6,"s:39:16:39:53":7,"s:42:16:42:48":8,"s:45:16:45:49":9,"s:48:16:48:47":10,"s:51:16:53:18":11,"f:57:4:57:22":5,"b:58:8:62:9:undefined:undefined:undefined:undefined":2,"s:58:8:62:9":12,"s:59:12:61:14":13,"s:64:8:64:41":14,"f:67:4:67:17":6,"s:68:22:68:50":15,"b:71:12:72:29:74:12:75:30:77:12:80:18":3,"s:70:8:81:9":16,"s:72:16:72:29":17,"s:75:16:75:30":18,"s:78:16:80:18":19,"f:84:4:84:18":7,"s:85:21:85:45":20,"s:86:22:86:47":21,"b:89:12:90:36:92:12:93:36:95:12:96:36:98:12:99:36:101:12:102:45:104:12:107:18":4,"s:88:8:108:9":22,"s:90:16:90:36":23,"s:93:16:93:36":24,"s:96:16:96:36":25,"s:99:16:99:36":26,"s:102:16:102:45":27,"s:105:16:107:18":28,"f:111:4:111:16":8,"s:112:29:112:38":29,"b:114:8:118:9:undefined:undefined:undefined:undefined":5,"s:114:8:118:9":30,"s:115:12:117:14":31,"s:121:21:123:9":32,"f:122:12:122:20":9,"s:122:24:122:47":33,"s:126:8:126:48":34},"fnNames":{}}}
,"C:\\Users\\Glenn\\coding\\radplot\\assets\\js\\mods\\lexer.js": {"path":"C:\\Users\\Glenn\\coding\\radplot\\assets\\js\\mods\\lexer.js","statementMap":{"0":{"start":{"line":41,"column":8},"end":{"line":41,"column":27}},"1":{"start":{"line":42,"column":8},"end":{"line":42,"column":26}},"2":{"start":{"line":46,"column":23},"end":{"line":46,"column":25}},"3":{"start":{"line":48,"column":8},"end":{"line":94,"column":9}},"4":{"start":{"line":49,"column":25},"end":{"line":49,"column":50}},"5":{"start":{"line":52,"column":12},"end":{"line":55,"column":13}},"6":{"start":{"line":53,"column":16},"end":{"line":53,"column":32}},"7":{"start":{"line":54,"column":16},"end":{"line":54,"column":25}},"8":{"start":{"line":58,"column":12},"end":{"line":61,"column":13}},"9":{"start":{"line":59,"column":16},"end":{"line":59,"column":47}},"10":{"start":{"line":60,"column":16},"end":{"line":60,"column":25}},"11":{"start":{"line":64,"column":12},"end":{"line":67,"column":13}},"12":{"start":{"line":65,"column":16},"end":{"line":65,"column":51}},"13":{"start":{"line":66,"column":16},"end":{"line":66,"column":25}},"14":{"start":{"line":70,"column":30},"end":{"line":79,"column":13}},"15":{"start":{"line":81,"column":12},"end":{"line":89,"column":13}},"16":{"start":{"line":82,"column":16},"end":{"line":85,"column":19}},"17":{"start":{"line":87,"column":16},"end":{"line":87,"column":32}},"18":{"start":{"line":88,"column":16},"end":{"line":88,"column":25}},"19":{"start":{"line":91,"column":12},"end":{"line":93,"column":14}},"20":{"start":{"line":96,"column":8},"end":{"line":99,"column":11}},"21":{"start":{"line":101,"column":8},"end":{"line":101,"column":22}},"22":{"start":{"line":105,"column":22},"end":{"line":105,"column":35}},"23":{"start":{"line":106,"column":31},"end":{"line":106,"column":36}},"24":{"start":{"line":108,"column":8},"end":{"line":126,"column":9}},"25":{"start":{"line":109,"column":25},"end":{"line":109,"column":50}},"26":{"start":{"line":111,"column":12},"end":{"line":119,"column":13}},"27":{"start":{"line":112,"column":16},"end":{"line":114,"column":17}},"28":{"start":{"line":113,"column":20},"end":{"line":113,"column":26}},"29":{"start":{"line":116,"column":16},"end":{"line":116,"column":40}},"30":{"start":{"line":117,"column":16},"end":{"line":117,"column":32}},"31":{"start":{"line":118,"column":16},"end":{"line":118,"column":25}},"32":{"start":{"line":121,"column":12},"end":{"line":123,"column":13}},"33":{"start":{"line":122,"column":16},"end":{"line":122,"column":22}},"34":{"start":{"line":125,"column":12},"end":{"line":125,"column":28}},"35":{"start":{"line":128,"column":21},"end":{"line":128,"column":59}},"36":{"start":{"line":130,"column":8},"end":{"line":132,"column":9}},"37":{"start":{"line":131,"column":12},"end":{"line":131,"column":46}},"38":{"start":{"line":134,"column":8},"end":{"line":137,"column":10}},"39":{"start":{"line":141,"column":22},"end":{"line":141,"column":35}},"40":{"start":{"line":143,"column":8},"end":{"line":148,"column":9}},"41":{"start":{"line":147,"column":12},"end":{"line":147,"column":28}},"42":{"start":{"line":150,"column":8},"end":{"line":153,"column":10}}},"fnMap":{"0":{"name":"constructor","decl":{"start":{"line":40,"column":4},"end":{"line":40,"column":15}},"loc":{"start":{"line":40,"column":23},"end":{"line":43,"column":5}},"line":40},"1":{"name":"tokenize","decl":{"start":{"line":45,"column":4},"end":{"line":45,"column":12}},"loc":{"start":{"line":45,"column":15},"end":{"line":102,"column":5}},"line":45},"2":{"name":"readNumber","decl":{"start":{"line":104,"column":4},"end":{"line":104,"column":14}},"loc":{"start":{"line":104,"column":17},"end":{"line":138,"column":5}},"line":104},"3":{"name":"readIdentifier","decl":{"start":{"line":140,"column":4},"end":{"line":140,"column":18}},"loc":{"start":{"line":140,"column":21},"end":{"line":154,"column":5}},"line":140}},"branchMap":{"0":{"loc":{"start":{"line":52,"column":12},"end":{"line":55,"column":13}},"type":"if","locations":[{"start":{"line":52,"column":12},"end":{"line":55,"column":13}},{"start":{},"end":{}}],"line":52},"1":{"loc":{"start":{"line":58,"column":12},"end":{"line":61,"column":13}},"type":"if","locations":[{"start":{"line":58,"column":12},"end":{"line":61,"column":13}},{"start":{},"end":{}}],"line":58},"2":{"loc":{"start":{"line":64,"column":12},"end":{"line":67,"column":13}},"type":"if","locations":[{"start":{"line":64,"column":12},"end":{"line":67,"column":13}},{"start":{},"end":{}}],"line":64},"3":{"loc":{"start":{"line":81,"column":12},"end":{"line":89,"column":13}},"type":"if","locations":[{"start":{"line":81,"column":12},"end":{"line":89,"column":13}},{"start":{},"end":{}}],"line":81},"4":{"loc":{"start":{"line":111,"column":12},"end":{"line":119,"column":13}},"type":"if","locations":[{"start":{"line":111,"column":12},"end":{"line":119,"column":13}},{"start":{},"end":{}}],"line":111},"5":{"loc":{"start":{"line":112,"column":16},"end":{"line":114,"column":17}},"type":"if","locations":[{"start":{"line":112,"column":16},"end":{"line":114,"column":17}},{"start":{},"end":{}}],"line":112},"6":{"loc":{"start":{"line":121,"column":12},"end":{"line":123,"column":13}},"type":"if","locations":[{"start":{"line":121,"column":12},"end":{"line":123,"column":13}},{"start":{},"end":{}}],"line":121},"7":{"loc":{"start":{"line":130,"column":8},"end":{"line":132,"column":9}},"type":"if","locations":[{"start":{"line":130,"column":8},"end":{"line":132,"column":9}},{"start":{},"end":{}}],"line":130},"8":{"loc":{"start":{"line":144,"column":12},"end":{"line":145,"column":58}},"type":"binary-expr","locations":[{"start":{"line":144,"column":12},"end":{"line":144,"column":45}},{"start":{"line":145,"column":12},"end":{"line":145,"column":58}}],"line":144}},"s":{"0":45,"1":45,"2":40,"3":40,"4":143,"5":143,"6":44,"7":44,"8":99,"9":33,"10":33,"11":66,"12":28,"13":28,"14":38,"15":38,"16":35,"17":35,"18":35,"19":3,"20":37,"21":37,"22":36,"23":36,"24":36,"25":65,"26":65,"27":4,"28":1,"29":3,"30":3,"31":3,"32":61,"33":18,"34":43,"35":36,"36":36,"37":1,"38":35,"39":30,"40":30,"41":107,"42":30},"f":{"0":45,"1":40,"2":36,"3":30},"b":{"0":[44,99],"1":[33,66],"2":[28,38],"3":[35,3],"4":[4,61],"5":[1,3],"6":[18,43],"7":[1,35],"8":[30,122]},"meta":{"lastBranch":9,"lastFunction":4,"lastStatement":43,"seen":{"f:40:4:40:15":0,"s:41:8:41:27":0,"s:42:8:42:26":1,"f:45:4:45:12":1,"s:46:23:46:25":2,"s:48:8:94:9":3,"s:49:25:49:50":4,"b:52:12:55:13:undefined:undefined:undefined:undefined":0,"s:52:12:55:13":5,"s:53:16:53:32":6,"s:54:16:54:25":7,"b:58:12:61:13:undefined:undefined:undefined:undefined":1,"s:58:12:61:13":8,"s:59:16:59:47":9,"s:60:16:60:25":10,"b:64:12:67:13:undefined:undefined:undefined:undefined":2,"s:64:12:67:13":11,"s:65:16:65:51":12,"s:66:16:66:25":13,"s:70:30:79:13":14,"b:81:12:89:13:undefined:undefined:undefined:undefined":3,"s:81:12:89:13":15,"s:82:16:85:19":16,"s:87:16:87:32":17,"s:88:16:88:25":18,"s:91:12:93:14":19,"s:96:8:99:11":20,"s:101:8:101:22":21,"f:104:4:104:14":2,"s:105:22:105:35":22,"s:106:31:106:36":23,"s:108:8:126:9":24,"s:109:25:109:50":25,"b:111:12:119:13:undefined:undefined:undefined:undefined":4,"s:111:12:119:13":26,"b:112:16:114:17:undefined:undefined:undefined:undefined":5,"s:112:16:114:17":27,"s:113:20:113:26":28,"s:116:16:116:40":29,"s:117:16:117:32":30,"s:118:16:118:25":31,"b:121:12:123:13:undefined:undefined:undefined:undefined":6,"s:121:12:123:13":32,"s:122:16:122:22":33,"s:125:12:125:28":34,"s:128:21:128:59":35,"b:130:8:132:9:undefined:undefined:undefined:undefined":7,"s:130:8:132:9":36,"s:131:12:131:46":37,"s:134:8:137:10":38,"f:140:4:140:18":3,"s:141:22:141:35":39,"s:143:8:148:9":40,"b:144:12:144:45:145:12:145:58":8,"s:147:12:147:28":41,"s:150:8:153:10":42},"fnNames":{}}}
,"C:\\Users\\Glenn\\coding\\radplot\\assets\\js\\mods\\parser.js": {"path":"C:\\Users\\Glenn\\coding\\radplot\\assets\\js\\mods\\parser.js","statementMap":{"0":{"start":{"line":25,"column":8},"end":{"line":25,"column":29}},"1":{"start":{"line":26,"column":8},"end":{"line":26,"column":26}},"2":{"start":{"line":30,"column":8},"end":{"line":30,"column":42}},"3":{"start":{"line":34,"column":8},"end":{"line":34,"column":44}},"4":{"start":{"line":38,"column":8},"end":{"line":41,"column":9}},"5":{"start":{"line":39,"column":12},"end":{"line":39,"column":28}},"6":{"start":{"line":40,"column":12},"end":{"line":40,"column":24}},"7":{"start":{"line":43,"column":8},"end":{"line":43,"column":21}},"8":{"start":{"line":47,"column":22},"end":{"line":47,"column":36}},"9":{"start":{"line":49,"column":8},"end":{"line":53,"column":9}},"10":{"start":{"line":50,"column":12},"end":{"line":52,"column":14}},"11":{"start":{"line":55,"column":8},"end":{"line":55,"column":24}},"12":{"start":{"line":56,"column":8},"end":{"line":56,"column":21}},"13":{"start":{"line":60,"column":27},"end":{"line":60,"column":44}},"14":{"start":{"line":62,"column":8},"end":{"line":62,"column":27}},"15":{"start":{"line":64,"column":8},"end":{"line":64,"column":26}},"16":{"start":{"line":69,"column":19},"end":{"line":69,"column":30}},"17":{"start":{"line":71,"column":8},"end":{"line":85,"column":9}},"18":{"start":{"line":75,"column":29},"end":{"line":75,"column":43}},"19":{"start":{"line":77,"column":26},"end":{"line":77,"column":37}},"20":{"start":{"line":79,"column":12},"end":{"line":84,"column":14}},"21":{"start":{"line":87,"column":8},"end":{"line":87,"column":20}},"22":{"start":{"line":92,"column":19},"end":{"line":92,"column":31}},"23":{"start":{"line":94,"column":8},"end":{"line":108,"column":9}},"24":{"start":{"line":98,"column":29},"end":{"line":98,"column":43}},"25":{"start":{"line":100,"column":26},"end":{"line":100,"column":38}},"26":{"start":{"line":102,"column":12},"end":{"line":107,"column":14}},"27":{"start":{"line":110,"column":8},"end":{"line":110,"column":20}},"28":{"start":{"line":115,"column":19},"end":{"line":115,"column":31}},"29":{"start":{"line":117,"column":8},"end":{"line":126,"column":9}},"30":{"start":{"line":118,"column":26},"end":{"line":118,"column":38}},"31":{"start":{"line":120,"column":12},"end":{"line":125,"column":14}},"32":{"start":{"line":128,"column":8},"end":{"line":128,"column":20}},"33":{"start":{"line":133,"column":8},"end":{"line":144,"column":9}},"34":{"start":{"line":137,"column":29},"end":{"line":137,"column":43}},"35":{"start":{"line":139,"column":12},"end":{"line":143,"column":14}},"36":{"start":{"line":146,"column":8},"end":{"line":146,"column":30}},"37":{"start":{"line":155,"column":22},"end":{"line":155,"column":36}},"38":{"start":{"line":158,"column":8},"end":{"line":165,"column":9}},"39":{"start":{"line":159,"column":12},"end":{"line":159,"column":27}},"40":{"start":{"line":161,"column":12},"end":{"line":164,"column":14}},"41":{"start":{"line":168,"column":8},"end":{"line":201,"column":9}},"42":{"start":{"line":169,"column":12},"end":{"line":169,"column":27}},"43":{"start":{"line":172,"column":12},"end":{"line":194,"column":13}},"44":{"start":{"line":173,"column":29},"end":{"line":173,"column":31}},"45":{"start":{"line":176,"column":16},"end":{"line":187,"column":17}},"46":{"start":{"line":178,"column":20},"end":{"line":178,"column":49}},"47":{"start":{"line":181,"column":20},"end":{"line":183,"column":21}},"48":{"start":{"line":182,"column":24},"end":{"line":182,"column":53}},"49":{"start":{"line":186,"column":20},"end":{"line":186,"column":42}},"50":{"start":{"line":189,"column":16},"end":{"line":193,"column":18}},"51":{"start":{"line":197,"column":12},"end":{"line":200,"column":14}},"52":{"start":{"line":204,"column":8},"end":{"line":210,"column":9}},"53":{"start":{"line":205,"column":25},"end":{"line":205,"column":42}},"54":{"start":{"line":207,"column":12},"end":{"line":207,"column":34}},"55":{"start":{"line":209,"column":12},"end":{"line":209,"column":24}},"56":{"start":{"line":212,"column":8},"end":{"line":214,"column":10}}},"fnMap":{"0":{"name":"constructor","decl":{"start":{"line":24,"column":4},"end":{"line":24,"column":15}},"loc":{"start":{"line":24,"column":24},"end":{"line":27,"column":5}},"line":24},"1":{"name":"current","decl":{"start":{"line":29,"column":4},"end":{"line":29,"column":11}},"loc":{"start":{"line":29,"column":14},"end":{"line":31,"column":5}},"line":29},"2":{"name":"advance","decl":{"start":{"line":33,"column":4},"end":{"line":33,"column":11}},"loc":{"start":{"line":33,"column":14},"end":{"line":35,"column":5}},"line":33},"3":{"name":"match","decl":{"start":{"line":37,"column":4},"end":{"line":37,"column":9}},"loc":{"start":{"line":37,"column":16},"end":{"line":44,"column":5}},"line":37},"4":{"name":"expect","decl":{"start":{"line":46,"column":4},"end":{"line":46,"column":10}},"loc":{"start":{"line":46,"column":17},"end":{"line":57,"column":5}},"line":46},"5":{"name":"parse","decl":{"start":{"line":59,"column":4},"end":{"line":59,"column":9}},"loc":{"start":{"line":59,"column":12},"end":{"line":65,"column":5}},"line":59},"6":{"name":"expression","decl":{"start":{"line":68,"column":4},"end":{"line":68,"column":14}},"loc":{"start":{"line":68,"column":17},"end":{"line":88,"column":5}},"line":68},"7":{"name":"term","decl":{"start":{"line":91,"column":4},"end":{"line":91,"column":8}},"loc":{"start":{"line":91,"column":11},"end":{"line":111,"column":5}},"line":91},"8":{"name":"power","decl":{"start":{"line":114,"column":4},"end":{"line":114,"column":9}},"loc":{"start":{"line":114,"column":12},"end":{"line":129,"column":5}},"line":114},"9":{"name":"unary","decl":{"start":{"line":132,"column":4},"end":{"line":132,"column":9}},"loc":{"start":{"line":132,"column":12},"end":{"line":147,"column":5}},"line":132},"10":{"name":"primary","decl":{"start":{"line":154,"column":4},"end":{"line":154,"column":11}},"loc":{"start":{"line":154,"column":14},"end":{"line":215,"column":5}},"line":154}},"branchMap":{"0":{"loc":{"start":{"line":38,"column":8},"end":{"line":41,"column":9}},"type":"if","locations":[{"start":{"line":38,"column":8},"end":{"line":41,"column":9}},{"start":{},"end":{}}],"line":38},"1":{"loc":{"start":{"line":49,"column":8},"end":{"line":53,"column":9}},"type":"if","locations":[{"start":{"line":49,"column":8},"end":{"line":53,"column":9}},{"start":{},"end":{}}],"line":49},"2":{"loc":{"start":{"line":72,"column":12},"end":{"line":73,"column":43}},"type":"binary-expr","locations":[{"start":{"line":72,"column":12},"end":{"line":72,"column":42}},{"start":{"line":73,"column":12},"end":{"line":73,"column":43}}],"line":72},"3":{"loc":{"start":{"line":95,"column":12},"end":{"line":96,"column":44}},"type":"binary-expr","locations":[{"start":{"line":95,"column":12},"end":{"line":95,"column":46}},{"start":{"line":96,"column":12},"end":{"line":96,"column":44}}],"line":95},"4":{"loc":{"start":{"line":117,"column":8},"end":{"line":126,"column":9}},"type":"if","locations":[{"start":{"line":117,"column":8},"end":{"line":126,"column":9}},{"start":{},"end":{}}],"line":117},"5":{"loc":{"start":{"line":133,"column":8},"end":{"line":144,"column":9}},"type":"if","locations":[{"start":{"line":133,"column":8},"end":{"line":144,"column":9}},{"start":{},"end":{}}],"line":133},"6":{"loc":{"start":{"line":134,"column":12},"end":{"line":135,"column":43}},"type":"binary-expr","locations":[{"start":{"line":134,"column":12},"end":{"line":134,"column":42}},{"start":{"line":135,"column":12},"end":{"line":135,"column":43}}],"line":134},"7":{"loc":{"start":{"line":158,"column":8},"end":{"line":165,"column":9}},"type":"if","locations":[{"start":{"line":158,"column":8},"end":{"line":165,"column":9}},{"start":{},"end":{}}],"line":158},"8":{"loc":{"start":{"line":168,"column":8},"end":{"line":201,"column":9}},"type":"if","locations":[{"start":{"line":168,"column":8},"end":{"line":201,"column":9}},{"start":{},"end":{}}],"line":168},"9":{"loc":{"start":{"line":172,"column":12},"end":{"line":194,"column":13}},"type":"if","locations":[{"start":{"line":172,"column":12},"end":{"line":194,"column":13}},{"start":{},"end":{}}],"line":172},"10":{"loc":{"start":{"line":176,"column":16},"end":{"line":187,"column":17}},"type":"if","locations":[{"start":{"line":176,"column":16},"end":{"line":187,"column":17}},{"start":{},"end":{}}],"line":176},"11":{"loc":{"start":{"line":204,"column":8},"end":{"line":210,"column":9}},"type":"if","locations":[{"start":{"line":204,"column":8},"end":{"line":210,"column":9}},{"start":{},"end":{}}],"line":204}},"s":{"0":33,"1":33,"2":300,"3":53,"4":56,"5":8,"6":8,"7":48,"8":20,"9":20,"10":2,"11":18,"12":18,"13":16,"14":16,"15":16,"16":20,"17":20,"18":6,"19":6,"20":6,"21":20,"22":27,"23":27,"24":4,"25":4,"26":4,"27":27,"28":34,"29":34,"30":2,"31":2,"32":34,"33":38,"34":3,"35":3,"36":35,"37":41,"38":41,"39":25,"40":25,"41":16,"42":14,"43":14,"44":2,"45":2,"46":1,"47":1,"48":1,"49":1,"50":2,"51":12,"52":2,"53":1,"54":1,"55":1,"56":1},"f":{"0":33,"1":300,"2":53,"3":56,"4":20,"5":16,"6":20,"7":27,"8":34,"9":38,"10":41},"b":{"0":[8,48],"1":[2,18],"2":[20,21],"3":[27,28],"4":[2,32],"5":[3,35],"6":[38,37],"7":[25,16],"8":[14,2],"9":[2,12],"10":[1,1],"11":[1,1]},"meta":{"lastBranch":12,"lastFunction":11,"lastStatement":57,"seen":{"f:24:4:24:15":0,"s:25:8:25:29":0,"s:26:8:26:26":1,"f:29:4:29:11":1,"s:30:8:30:42":2,"f:33:4:33:11":2,"s:34:8:34:44":3,"f:37:4:37:9":3,"b:38:8:41:9:undefined:undefined:undefined:undefined":0,"s:38:8:41:9":4,"s:39:12:39:28":5,"s:40:12:40:24":6,"s:43:8:43:21":7,"f:46:4:46:10":4,"s:47:22:47:36":8,"b:49:8:53:9:undefined:undefined:undefined:undefined":1,"s:49:8:53:9":9,"s:50:12:52:14":10,"s:55:8:55:24":11,"s:56:8:56:21":12,"f:59:4:59:9":5,"s:60:27:60:44":13,"s:62:8:62:27":14,"s:64:8:64:26":15,"f:68:4:68:14":6,"s:69:19:69:30":16,"s:71:8:85:9":17,"b:72:12:72:42:73:12:73:43":2,"s:75:29:75:43":18,"s:77:26:77:37":19,"s:79:12:84:14":20,"s:87:8:87:20":21,"f:91:4:91:8":7,"s:92:19:92:31":22,"s:94:8:108:9":23,"b:95:12:95:46:96:12:96:44":3,"s:98:29:98:43":24,"s:100:26:100:38":25,"s:102:12:107:14":26,"s:110:8:110:20":27,"f:114:4:114:9":8,"s:115:19:115:31":28,"b:117:8:126:9:undefined:undefined:undefined:undefined":4,"s:117:8:126:9":29,"s:118:26:118:38":30,"s:120:12:125:14":31,"s:128:8:128:20":32,"f:132:4:132:9":9,"b:133:8:144:9:undefined:undefined:undefined:undefined":5,"s:133:8:144:9":33,"b:134:12:134:42:135:12:135:43":6,"s:137:29:137:43":34,"s:139:12:143:14":35,"s:146:8:146:30":36,"f:154:4:154:11":10,"s:155:22:155:36":37,"b:158:8:165:9:undefined:undefined:undefined:undefined":7,"s:158:8:165:9":38,"s:159:12:159:27":39,"s:161:12:164:14":40,"b:168:8:201:9:undefined:undefined:undefined:undefined":8,"s:168:8:201:9":41,"s:169:12:169:27":42,"b:172:12:194:13:undefined:undefined:undefined:undefined":9,"s:172:12:194:13":43,"s:173:29:173:31":44,"b:176:16:187:17:undefined:undefined:undefined:undefined":10,"s:176:16:187:17":45,"s:178:20:178:49":46,"s:181:20:183:21":47,"s:182:24:182:53":48,"s:186:20:186:42":49,"s:189:16:193:18":50,"s:197:12:200:14":51,"b:204:8:210:9:undefined:undefined:undefined:undefined":11,"s:204:8:210:9":52,"s:205:25:205:42":53,"s:207:12:207:34":54,"s:209:12:209:24":55,"s:212:8:214:10":56},"fnNames":{}}}
,"C:\\Users\\Glenn\\coding\\radplot\\assets\\js\\mods\\polarplotter.js": {"path":"C:\\Users\\Glenn\\coding\\radplot\\assets\\js\\mods\\polarplotter.js","statementMap":{"0":{"start":{"line":2,"column":26},"end":{"line":2,"column":71}},"1":{"start":{"line":3,"column":23},"end":{"line":3,"column":47}},"2":{"start":{"line":4,"column":4},"end":{"line":29,"column":6}},"3":{"start":{"line":33,"column":25},"end":{"line":38,"column":5}},"4":{"start":{"line":40,"column":25},"end":{"line":45,"column":5}},"5":{"start":{"line":47,"column":24},"end":{"line":52,"column":5}},"6":{"start":{"line":54,"column":24},"end":{"line":59,"column":5}},"7":{"start":{"line":61,"column":31},"end":{"line":66,"column":5}},"8":{"start":{"line":68,"column":31},"end":{"line":73,"column":5}},"9":{"start":{"line":75,"column":30},"end":{"line":80,"column":5}},"10":{"start":{"line":82,"column":30},"end":{"line":87,"column":5}},"11":{"start":{"line":89,"column":31},"end":{"line":94,"column":5}},"12":{"start":{"line":96,"column":31},"end":{"line":101,"column":5}},"13":{"start":{"line":103,"column":30},"end":{"line":108,"column":5}},"14":{"start":{"line":110,"column":30},"end":{"line":115,"column":5}},"15":{"start":{"line":117,"column":25},"end":{"line":138,"column":5}},"16":{"start":{"line":140,"column":4},"end":{"line":144,"column":6}},"17":{"start":{"line":148,"column":4},"end":{"line":164,"column":6}},"18":{"start":{"line":168,"column":26},"end":{"line":173,"column":5}},"19":{"start":{"line":174,"column":19},"end":{"line":174,"column":108}},"20":{"start":{"line":175,"column":26},"end":{"line":180,"column":5}},"21":{"start":{"line":181,"column":19},"end":{"line":181,"column":144}},"22":{"start":{"line":183,"column":17},"end":{"line":183,"column":65}},"23":{"start":{"line":183,"column":50},"end":{"line":183,"column":64}},"24":{"start":{"line":185,"column":25},"end":{"line":190,"column":5}},"25":{"start":{"line":191,"column":19},"end":{"line":191,"column":46}},"26":{"start":{"line":193,"column":4},"end":{"line":193,"column":46}},"27":{"start":{"line":197,"column":20},"end":{"line":197,"column":22}},"28":{"start":{"line":198,"column":25},"end":{"line":198,"column":27}},"29":{"start":{"line":199,"column":38},"end":{"line":236,"column":5}},"30":{"start":{"line":237,"column":31},"end":{"line":237,"column":114}},"31":{"start":{"line":237,"column":92},"end":{"line":237,"column":113}},"32":{"start":{"line":238,"column":25},"end":{"line":238,"column":27}},"33":{"start":{"line":239,"column":24},"end":{"line":239,"column":26}},"34":{"start":{"line":240,"column":15},"end":{"line":240,"column":35}},"35":{"start":{"line":241,"column":4},"end":{"line":253,"column":5}},"36":{"start":{"line":242,"column":29},"end":{"line":242,"column":46}},"37":{"start":{"line":243,"column":27},"end":{"line":243,"column":42}},"38":{"start":{"line":244,"column":28},"end":{"line":244,"column":76}},"39":{"start":{"line":245,"column":8},"end":{"line":249,"column":9}},"40":{"start":{"line":246,"column":12},"end":{"line":246,"column":55}},"41":{"start":{"line":247,"column":12},"end":{"line":247,"column":36}},"42":{"start":{"line":248,"column":12},"end":{"line":248,"column":37}},"43":{"start":{"line":250,"column":8},"end":{"line":252,"column":9}},"44":{"start":{"line":251,"column":12},"end":{"line":251,"column":43}},"45":{"start":{"line":255,"column":4},"end":{"line":265,"column":6}}},"fnMap":{"0":{"name":"getPlotLayout","decl":{"start":{"line":1,"column":16},"end":{"line":1,"column":29}},"loc":{"start":{"line":1,"column":137},"end":{"line":30,"column":1}},"line":1},"1":{"name":"getAxisTickLabels","decl":{"start":{"line":32,"column":16},"end":{"line":32,"column":33}},"loc":{"start":{"line":32,"column":51},"end":{"line":145,"column":1}},"line":32},"2":{"name":"getTraceData","decl":{"start":{"line":147,"column":16},"end":{"line":147,"column":28}},"loc":{"start":{"line":147,"column":159},"end":{"line":165,"column":1}},"line":147},"3":{"name":"renderPolarPlot","decl":{"start":{"line":167,"column":16},"end":{"line":167,"column":31}},"loc":{"start":{"line":167,"column":47},"end":{"line":194,"column":1}},"line":167},"4":{"name":"(anonymous_4)","decl":{"start":{"line":183,"column":41},"end":{"line":183,"column":46}},"loc":{"start":{"line":183,"column":50},"end":{"line":183,"column":64}},"line":183},"5":{"name":"getPlotData","decl":{"start":{"line":196,"column":16},"end":{"line":196,"column":27}},"loc":{"start":{"line":196,"column":36},"end":{"line":266,"column":1}},"line":196},"6":{"name":"(anonymous_6)","decl":{"start":{"line":237,"column":85},"end":{"line":237,"column":88}},"loc":{"start":{"line":237,"column":92},"end":{"line":237,"column":113}},"line":237}},"branchMap":{"0":{"loc":{"start":{"line":1,"column":30},"end":{"line":1,"column":135}},"type":"default-arg","locations":[{"start":{"line":1,"column":45},"end":{"line":1,"column":135}}],"line":1},"1":{"loc":{"start":{"line":21,"column":26},"end":{"line":21,"column":130}},"type":"cond-expr","locations":[{"start":{"line":21,"column":67},"end":{"line":21,"column":97}},{"start":{"line":21,"column":100},"end":{"line":21,"column":130}}],"line":21},"2":{"loc":{"start":{"line":32,"column":34},"end":{"line":32,"column":49}},"type":"default-arg","locations":[{"start":{"line":32,"column":47},"end":{"line":32,"column":49}}],"line":32},"3":{"loc":{"start":{"line":147,"column":65},"end":{"line":147,"column":157}},"type":"default-arg","locations":[{"start":{"line":147,"column":79},"end":{"line":147,"column":157}}],"line":147},"4":{"loc":{"start":{"line":150,"column":15},"end":{"line":150,"column":81}},"type":"cond-expr","locations":[{"start":{"line":150,"column":55},"end":{"line":150,"column":66}},{"start":{"line":150,"column":69},"end":{"line":150,"column":81}}],"line":150},"5":{"loc":{"start":{"line":167,"column":32},"end":{"line":167,"column":45}},"type":"default-arg","locations":[{"start":{"line":167,"column":43},"end":{"line":167,"column":45}}],"line":167},"6":{"loc":{"start":{"line":181,"column":19},"end":{"line":181,"column":144}},"type":"cond-expr","locations":[{"start":{"line":181,"column":43},"end":{"line":181,"column":137}},{"start":{"line":181,"column":140},"end":{"line":181,"column":144}}],"line":181},"7":{"loc":{"start":{"line":237,"column":32},"end":{"line":237,"column":79}},"type":"binary-expr","locations":[{"start":{"line":237,"column":32},"end":{"line":237,"column":50}},{"start":{"line":237,"column":54},"end":{"line":237,"column":79}}],"line":237},"8":{"loc":{"start":{"line":244,"column":28},"end":{"line":244,"column":76}},"type":"cond-expr","locations":[{"start":{"line":244,"column":55},"end":{"line":244,"column":70}},{"start":{"line":244,"column":73},"end":{"line":244,"column":76}}],"line":244},"9":{"loc":{"start":{"line":245,"column":8},"end":{"line":249,"column":9}},"type":"if","locations":[{"start":{"line":245,"column":8},"end":{"line":249,"column":9}},{"start":{},"end":{}}],"line":245},"10":{"loc":{"start":{"line":250,"column":8},"end":{"line":252,"column":9}},"type":"if","locations":[{"start":{"line":250,"column":8},"end":{"line":252,"column":9}},{"start":{},"end":{}}],"line":250},"11":{"loc":{"start":{"line":257,"column":22},"end":{"line":257,"column":67}},"type":"cond-expr","locations":[{"start":{"line":257,"column":48},"end":{"line":257,"column":60}},{"start":{"line":257,"column":63},"end":{"line":257,"column":67}}],"line":257},"12":{"loc":{"start":{"line":261,"column":18},"end":{"line":261,"column":94}},"type":"cond-expr","locations":[{"start":{"line":261,"column":43},"end":{"line":261,"column":58}},{"start":{"line":261,"column":61},"end":{"line":261,"column":94}}],"line":261}},"s":{"0":7,"1":7,"2":7,"3":11,"4":11,"5":11,"6":11,"7":11,"8":11,"9":11,"10":11,"11":11,"12":11,"13":11,"14":11,"15":11,"16":11,"17":8,"18":5,"19":5,"20":5,"21":5,"22":5,"23":10,"24":5,"25":5,"26":5,"27":3,"28":3,"29":3,"30":3,"31":4,"32":3,"33":3,"34":3,"35":3,"36":4,"37":4,"38":4,"39":4,"40":2,"41":2,"42":2,"43":4,"44":2,"45":3},"f":{"0":7,"1":11,"2":8,"3":5,"4":10,"5":3,"6":4},"b":{"0":[7],"1":[5,2],"2":[11],"3":[8],"4":[5,3],"5":[5],"6":[1,4],"7":[3,0],"8":[2,2],"9":[2,2],"10":[2,2],"11":[1,2],"12":[1,2]},"meta":{"lastBranch":13,"lastFunction":7,"lastStatement":46,"seen":{"f:1:16:1:29":0,"b:1:45:1:135":0,"s:2:26:2:71":0,"s:3:23:3:47":1,"s:4:4:29:6":2,"b:21:67:21:97:21:100:21:130":1,"f:32:16:32:33":1,"b:32:47:32:49":2,"s:33:25:38:5":3,"s:40:25:45:5":4,"s:47:24:52:5":5,"s:54:24:59:5":6,"s:61:31:66:5":7,"s:68:31:73:5":8,"s:75:30:80:5":9,"s:82:30:87:5":10,"s:89:31:94:5":11,"s:96:31:101:5":12,"s:103:30:108:5":13,"s:110:30:115:5":14,"s:117:25:138:5":15,"s:140:4:144:6":16,"f:147:16:147:28":2,"b:147:79:147:157":3,"s:148:4:164:6":17,"b:150:55:150:66:150:69:150:81":4,"f:167:16:167:31":3,"b:167:43:167:45":5,"s:168:26:173:5":18,"s:174:19:174:108":19,"s:175:26:180:5":20,"s:181:19:181:144":21,"b:181:43:181:137:181:140:181:144":6,"s:183:17:183:65":22,"f:183:41:183:46":4,"s:183:50:183:64":23,"s:185:25:190:5":24,"s:191:19:191:46":25,"s:193:4:193:46":26,"f:196:16:196:27":5,"s:197:20:197:22":27,"s:198:25:198:27":28,"s:199:38:236:5":29,"s:237:31:237:114":30,"b:237:32:237:50:237:54:237:79":7,"f:237:85:237:88":6,"s:237:92:237:113":31,"s:238:25:238:27":32,"s:239:24:239:26":33,"s:240:15:240:35":34,"s:241:4:253:5":35,"s:242:29:242:46":36,"s:243:27:243:42":37,"s:244:28:244:76":38,"b:244:55:244:70:244:73:244:76":8,"b:245:8:249:9:undefined:undefined:undefined:undefined":9,"s:245:8:249:9":39,"s:246:12:246:55":40,"s:247:12:247:36":41,"s:248:12:248:37":42,"b:250:8:252:9:undefined:undefined:undefined:undefined":10,"s:250:8:252:9":43,"s:251:12:251:43":44,"s:255:4:265:6":45,"b:257:48:257:60:257:63:257:67":11,"b:261:43:261:58:261:61:261:94":12},"fnNames":{}}}
}
